<?xml version="1.0" encoding="UTF-8"?>
<!-- Generated by org.testng.reporters.JUnitXMLReporter -->
<testsuite ignored="0" hostname="LAPTOP-S4LI52S4" failures="0" tests="1" name="Cucumber Tests" time="6.663" errors="0" timestamp="2024-11-26T16:37:53 ART">
  <testcase classname="com.example.StepDefinitionsTest" name="@BeforeClass setUp" time="6.425">
    <failure type="java.lang.IllegalArgumentException" message="La URL base no puede estar vacía">
      <![CDATA[java.lang.IllegalArgumentException: La URL base no puede estar vacía
at com.example.StepDefinitionsTest.setUp(StepDefinitionsTest.java:23)
at java.base/java.util.ArrayList.forEach(ArrayList.java:1596)
... Removed 27 stack frames]]>
    </failure>
  </testcase> <!-- @BeforeClass setUp -->
  <testcase classname="com.example.StepDefinitionsTest" name="@AfterClass tearDown" time="0.0">
    <skipped/>
  </testcase> <!-- @AfterClass tearDown -->
  <testcase classname="com.example.StepDefinitionsTest" name="iOpenTheGoogleHomepage" time="0.0">
    <skipped/>
  </testcase> <!-- iOpenTheGoogleHomepage -->
</testsuite> <!-- Cucumber Tests -->
