<?xml version="1.0" encoding="UTF-8"?>
<testsuite xmlns:xsi="http://www.w3.org/2001/XMLSchema-instance" xsi:noNamespaceSchemaLocation="https://maven.apache.org/surefire/maven-surefire-plugin/xsd/surefire-test-report-3.0.xsd" version="3.0" name="TestSuite" time="9.605" tests="1" errors="0" skipped="0" failures="0">
  <properties>
[...]
</properties>
  <testcase name="runScenario[&quot;Open Google Homepage&quot;, &quot;Example Feature&quot;](1)" classname="com.example.RunCucumberTest" time="7.974">
    <system-out><![CDATA[12:49:04.857 [main] DEBUG org.testng.TestNG -- suiteXmlPath: "C:\JavaProyects\maven-java-project\testng.xml"

Scenario: Open Google Homepage     &amp#27;[90m# src/test/resources/features/example.feature:3&amp#27;[0m
12:49:06.298 [main] DEBUG io.github.bonigarcia.wdm.WebDriverManager -- Using WebDriverManager 5.9.2
12:49:06.780 [main] DEBUG io.github.bonigarcia.wdm.cache.ResolutionCache -- Removing resolution chrome=131 from cache (expired on Tue Nov 26 11:28:24 ART 2024)
12:49:06.801 [main] DEBUG org.apache.hc.client5.http.impl.classic.InternalHttpClient -- ex-0000000001 preparing request execution
12:49:06.811 [main] DEBUG org.apache.hc.client5.http.impl.classic.ProtocolExec -- ex-0000000001 target auth state: UNCHALLENGED
12:49:06.811 [main] DEBUG org.apache.hc.client5.http.impl.classic.ProtocolExec -- ex-0000000001 proxy auth state: UNCHALLENGED
12:49:06.811 [main] DEBUG org.apache.hc.client5.http.impl.classic.ConnectExec -- ex-0000000001 acquiring connection with route {s}->https://raw.githubusercontent.com:443
12:49:06.811 [main] DEBUG org.apache.hc.client5.http.impl.classic.InternalHttpClient -- ex-0000000001 acquiring endpoint (3 MINUTES)
12:49:06.813 [main] DEBUG org.apache.hc.client5.http.impl.io.PoolingHttpClientConnectionManager -- ex-0000000001 endpoint lease request (3 MINUTES) [route: {s}->https://raw.githubusercontent.com:443][total available: 0; route allocated: 0 of 5; total allocated: 0 of 25]
12:49:06.816 [main] DEBUG org.apache.hc.client5.http.impl.io.PoolingHttpClientConnectionManager -- ex-0000000001 endpoint leased [route: {s}->https://raw.githubusercontent.com:443][total available: 0; route allocated: 1 of 5; total allocated: 1 of 25]
12:49:06.827 [main] DEBUG org.apache.hc.client5.http.impl.io.PoolingHttpClientConnectionManager -- ex-0000000001 acquired ep-0000000001
12:49:06.827 [main] DEBUG org.apache.hc.client5.http.impl.classic.InternalHttpClient -- ex-0000000001 acquired endpoint ep-0000000001
12:49:06.827 [main] DEBUG org.apache.hc.client5.http.impl.classic.ConnectExec -- ex-0000000001 opening connection {s}->https://raw.githubusercontent.com:443
12:49:06.828 [main] DEBUG org.apache.hc.client5.http.impl.classic.InternalHttpClient -- ep-0000000001 connecting endpoint (null)
12:49:06.831 [main] DEBUG org.apache.hc.client5.http.impl.io.PoolingHttpClientConnectionManager -- ep-0000000001 connecting endpoint to https://raw.githubusercontent.com:443 (30 SECONDS)
12:49:06.831 [main] DEBUG org.apache.hc.client5.http.impl.io.DefaultHttpClientConnectionOperator -- raw.githubusercontent.com resolving remote address
12:49:06.850 [main] DEBUG org.apache.hc.client5.http.impl.io.DefaultHttpClientConnectionOperator -- raw.githubusercontent.com resolved to [raw.githubusercontent.com/185.199.110.133, raw.githubusercontent.com/185.199.111.133, raw.githubusercontent.com/185.199.108.133, raw.githubusercontent.com/185.199.109.133, raw.githubusercontent.com/2606:50c0:8003:0:0:0:0:154, raw.githubusercontent.com/2606:50c0:8002:0:0:0:0:154, raw.githubusercontent.com/2606:50c0:8000:0:0:0:0:154, raw.githubusercontent.com/2606:50c0:8001:0:0:0:0:154]
12:49:06.860 [main] DEBUG org.apache.hc.client5.http.impl.io.DefaultHttpClientConnectionOperator -- raw.githubusercontent.com:443 connecting null->raw.githubusercontent.com/185.199.110.133:443 (30 SECONDS)
12:49:06.860 [main] DEBUG org.apache.hc.client5.http.ssl.SSLConnectionSocketFactory -- Connecting socket to raw.githubusercontent.com/185.199.110.133:443 with timeout 30 SECONDS
12:49:06.982 [main] DEBUG org.apache.hc.client5.http.ssl.SSLConnectionSocketFactory -- Enabled protocols: [TLSv1.3, TLSv1.2]
12:49:06.982 [main] DEBUG org.apache.hc.client5.http.ssl.SSLConnectionSocketFactory -- Enabled cipher suites: [TLS_AES_256_GCM_SHA384, TLS_AES_128_GCM_SHA256, TLS_CHACHA20_POLY1305_SHA256, TLS_ECDHE_ECDSA_WITH_AES_256_GCM_SHA384, TLS_ECDHE_ECDSA_WITH_AES_128_GCM_SHA256, TLS_ECDHE_ECDSA_WITH_CHACHA20_POLY1305_SHA256, TLS_ECDHE_RSA_WITH_AES_256_GCM_SHA384, TLS_ECDHE_RSA_WITH_CHACHA20_POLY1305_SHA256, TLS_ECDHE_RSA_WITH_AES_128_GCM_SHA256, TLS_DHE_RSA_WITH_AES_256_GCM_SHA384, TLS_DHE_RSA_WITH_CHACHA20_POLY1305_SHA256, TLS_DHE_DSS_WITH_AES_256_GCM_SHA384, TLS_DHE_RSA_WITH_AES_128_GCM_SHA256, TLS_DHE_DSS_WITH_AES_128_GCM_SHA256, TLS_ECDHE_ECDSA_WITH_AES_256_CBC_SHA384, TLS_ECDHE_RSA_WITH_AES_256_CBC_SHA384, TLS_ECDHE_ECDSA_WITH_AES_128_CBC_SHA256, TLS_ECDHE_RSA_WITH_AES_128_CBC_SHA256, TLS_DHE_RSA_WITH_AES_256_CBC_SHA256, TLS_DHE_DSS_WITH_AES_256_CBC_SHA256, TLS_DHE_RSA_WITH_AES_128_CBC_SHA256, TLS_DHE_DSS_WITH_AES_128_CBC_SHA256, TLS_ECDHE_ECDSA_WITH_AES_256_CBC_SHA, TLS_ECDHE_RSA_WITH_AES_256_CBC_SHA, TLS_ECDHE_ECDSA_WITH_AES_128_CBC_SHA, TLS_ECDHE_RSA_WITH_AES_128_CBC_SHA, TLS_DHE_RSA_WITH_AES_256_CBC_SHA, TLS_DHE_DSS_WITH_AES_256_CBC_SHA, TLS_DHE_RSA_WITH_AES_128_CBC_SHA, TLS_DHE_DSS_WITH_AES_128_CBC_SHA, TLS_RSA_WITH_AES_256_GCM_SHA384, TLS_RSA_WITH_AES_128_GCM_SHA256, TLS_RSA_WITH_AES_256_CBC_SHA256, TLS_RSA_WITH_AES_128_CBC_SHA256, TLS_RSA_WITH_AES_256_CBC_SHA, TLS_RSA_WITH_AES_128_CBC_SHA, TLS_EMPTY_RENEGOTIATION_INFO_SCSV]
12:49:06.982 [main] DEBUG org.apache.hc.client5.http.ssl.SSLConnectionSocketFactory -- Starting handshake (null)
12:49:07.230 [main] DEBUG org.apache.hc.client5.http.ssl.SSLConnectionSocketFactory -- Secure session established
12:49:07.230 [main] DEBUG org.apache.hc.client5.http.ssl.SSLConnectionSocketFactory --  negotiated protocol: TLSv1.3
12:49:07.230 [main] DEBUG org.apache.hc.client5.http.ssl.SSLConnectionSocketFactory --  negotiated cipher suite: TLS_AES_128_GCM_SHA256
12:49:07.230 [main] DEBUG org.apache.hc.client5.http.ssl.SSLConnectionSocketFactory --  peer principal: CN=*.github.io, O="GitHub, Inc.", L=San Francisco, ST=California, C=US
12:49:07.233 [main] DEBUG org.apache.hc.client5.http.ssl.SSLConnectionSocketFactory --  peer alternative names: [*.github.io, github.io, githubusercontent.com, www.github.com, *.github.com, *.githubusercontent.com, github.com]
12:49:07.233 [main] DEBUG org.apache.hc.client5.http.ssl.SSLConnectionSocketFactory --  issuer principal: CN=DigiCert Global G2 TLS RSA SHA256 2020 CA1, O=DigiCert Inc, C=US
12:49:07.234 [main] DEBUG org.apache.hc.client5.http.impl.io.DefaultManagedHttpClientConnection -- http-outgoing-0 set socket timeout to 3 MINUTES
12:49:07.234 [main] DEBUG org.apache.hc.client5.http.impl.io.DefaultHttpClientConnectionOperator -- raw.githubusercontent.com:443 connected null->raw.githubusercontent.com/185.199.110.133:443 as http-outgoing-0
12:49:07.234 [main] DEBUG org.apache.hc.client5.http.impl.io.PoolingHttpClientConnectionManager -- ep-0000000001 connected http-outgoing-0
12:49:07.234 [main] DEBUG org.apache.hc.client5.http.impl.classic.InternalHttpClient -- ep-0000000001 endpoint connected
12:49:07.235 [main] DEBUG org.apache.hc.client5.http.impl.classic.MainClientExec -- ex-0000000001 executing GET /bonigarcia/webdrivermanager/master/src/main/resources/commands.properties HTTP/1.1
12:49:07.235 [main] DEBUG org.apache.hc.client5.http.protocol.RequestAddCookies -- ex-0000000001 Cookie spec selected: strict
12:49:07.243 [main] DEBUG org.apache.hc.client5.http.impl.classic.InternalHttpClient -- ep-0000000001 start execution ex-0000000001
12:49:07.244 [main] DEBUG org.apache.hc.client5.http.impl.io.PoolingHttpClientConnectionManager -- ep-0000000001 executing exchange ex-0000000001 over http-outgoing-0
12:49:07.244 [main] DEBUG org.apache.hc.client5.http.headers -- http-outgoing-0 >> GET /bonigarcia/webdrivermanager/master/src/main/resources/commands.properties HTTP/1.1
12:49:07.244 [main] DEBUG org.apache.hc.client5.http.headers -- http-outgoing-0 >> user-agent: Apache-HttpClient/5.0
12:49:07.244 [main] DEBUG org.apache.hc.client5.http.headers -- http-outgoing-0 >> accept-encoding: gzip, deflate, br
12:49:07.244 [main] DEBUG org.apache.hc.client5.http.headers -- http-outgoing-0 >> cache-control: max-age=0
12:49:07.244 [main] DEBUG org.apache.hc.client5.http.headers -- http-outgoing-0 >> connection: keep-alive
12:49:07.244 [main] DEBUG org.apache.hc.client5.http.headers -- http-outgoing-0 >> Host: raw.githubusercontent.com
12:49:07.245 [main] DEBUG org.apache.hc.client5.http.wire -- http-outgoing-0 >> "GET /bonigarcia/webdrivermanager/master/src/main/resources/commands.properties HTTP/1.1[\r][\n]"
12:49:07.245 [main] DEBUG org.apache.hc.client5.http.wire -- http-outgoing-0 >> "user-agent: Apache-HttpClient/5.0[\r][\n]"
12:49:07.245 [main] DEBUG org.apache.hc.client5.http.wire -- http-outgoing-0 >> "accept-encoding: gzip, deflate, br[\r][\n]"
12:49:07.245 [main] DEBUG org.apache.hc.client5.http.wire -- http-outgoing-0 >> "cache-control: max-age=0[\r][\n]"
12:49:07.245 [main] DEBUG org.apache.hc.client5.http.wire -- http-outgoing-0 >> "connection: keep-alive[\r][\n]"
12:49:07.245 [main] DEBUG org.apache.hc.client5.http.wire -- http-outgoing-0 >> "Host: raw.githubusercontent.com[\r][\n]"
12:49:07.245 [main] DEBUG org.apache.hc.client5.http.wire -- http-outgoing-0 >> "[\r][\n]"
12:49:07.260 [main] DEBUG org.apache.hc.client5.http.wire -- http-outgoing-0 << "HTTP/1.1 200 OK[\r][\n]"
12:49:07.260 [main] DEBUG org.apache.hc.client5.http.wire -- http-outgoing-0 << "Connection: keep-alive[\r][\n]"
12:49:07.260 [main] DEBUG org.apache.hc.client5.http.wire -- http-outgoing-0 << "Content-Length: 745[\r][\n]"
12:49:07.260 [main] DEBUG org.apache.hc.client5.http.wire -- http-outgoing-0 << "Cache-Control: max-age=300[\r][\n]"
12:49:07.260 [main] DEBUG org.apache.hc.client5.http.wire -- http-outgoing-0 << "Content-Security-Policy: default-src 'none'; style-src 'unsafe-inline'; sandbox[\r][\n]"
12:49:07.260 [main] DEBUG org.apache.hc.client5.http.wire -- http-outgoing-0 << "Content-Type: text/plain; charset=utf-8[\r][\n]"
12:49:07.260 [main] DEBUG org.apache.hc.client5.http.wire -- http-outgoing-0 << "ETag: W/"dd41edff335272162022217759820159dac501cff56850e2510f504462cd9b5f"[\r][\n]"
12:49:07.260 [main] DEBUG org.apache.hc.client5.http.wire -- http-outgoing-0 << "Strict-Transport-Security: max-age=31536000[\r][\n]"
12:49:07.260 [main] DEBUG org.apache.hc.client5.http.wire -- http-outgoing-0 << "X-Content-Type-Options: nosniff[\r][\n]"
12:49:07.260 [main] DEBUG org.apache.hc.client5.http.wire -- http-outgoing-0 << "X-Frame-Options: deny[\r][\n]"
12:49:07.261 [main] DEBUG org.apache.hc.client5.http.wire -- http-outgoing-0 << "X-XSS-Protection: 1; mode=block[\r][\n]"
12:49:07.261 [main] DEBUG org.apache.hc.client5.http.wire -- http-outgoing-0 << "X-GitHub-Request-Id: 5A30:53AB8:26F772:2D4BC7:67332472[\r][\n]"
12:49:07.261 [main] DEBUG org.apache.hc.client5.http.wire -- http-outgoing-0 << "Content-Encoding: gzip[\r][\n]"
12:49:07.261 [main] DEBUG org.apache.hc.client5.http.wire -- http-outgoing-0 << "Accept-Ranges: bytes[\r][\n]"
12:49:07.261 [main] DEBUG org.apache.hc.client5.http.wire -- http-outgoing-0 << "Date: Tue, 26 Nov 2024 15:49:07 GMT[\r][\n]"
12:49:07.261 [main] DEBUG org.apache.hc.client5.http.wire -- http-outgoing-0 << "Via: 1.1 varnish[\r][\n]"
12:49:07.261 [main] DEBUG org.apache.hc.client5.http.wire -- http-outgoing-0 << "X-Served-By: cache-eze2230048-EZE[\r][\n]"
12:49:07.261 [main] DEBUG org.apache.hc.client5.http.wire -- http-outgoing-0 << "X-Cache: HIT[\r][\n]"
12:49:07.261 [main] DEBUG org.apache.hc.client5.http.wire -- http-outgoing-0 << "X-Cache-Hits: 0[\r][\n]"
12:49:07.261 [main] DEBUG org.apache.hc.client5.http.wire -- http-outgoing-0 << "X-Timer: S1732636148.828732,VS0,VE1[\r][\n]"
12:49:07.261 [main] DEBUG org.apache.hc.client5.http.wire -- http-outgoing-0 << "Vary: Authorization,Accept-Encoding,Origin[\r][\n]"
12:49:07.261 [main] DEBUG org.apache.hc.client5.http.wire -- http-outgoing-0 << "Access-Control-Allow-Origin: *[\r][\n]"
12:49:07.261 [main] DEBUG org.apache.hc.client5.http.wire -- http-outgoing-0 << "Cross-Origin-Resource-Policy: cross-origin[\r][\n]"
12:49:07.261 [main] DEBUG org.apache.hc.client5.http.wire -- http-outgoing-0 << "X-Fastly-Request-ID: ebcd34c0ff51f8315880aef95291d9149eb9e55b[\r][\n]"
12:49:07.261 [main] DEBUG org.apache.hc.client5.http.wire -- http-outgoing-0 << "Expires: Tue, 26 Nov 2024 15:54:07 GMT[\r][\n]"
12:49:07.261 [main] DEBUG org.apache.hc.client5.http.wire -- http-outgoing-0 << "Source-Age: 162[\r][\n]"
12:49:07.262 [main] DEBUG org.apache.hc.client5.http.wire -- http-outgoing-0 << "[\r][\n]"
12:49:07.265 [main] DEBUG org.apache.hc.client5.http.headers -- http-outgoing-0 << HTTP/1.1 200 OK
12:49:07.265 [main] DEBUG org.apache.hc.client5.http.headers -- http-outgoing-0 << Connection: keep-alive
12:49:07.265 [main] DEBUG org.apache.hc.client5.http.headers -- http-outgoing-0 << Content-Length: 745
12:49:07.265 [main] DEBUG org.apache.hc.client5.http.headers -- http-outgoing-0 << Cache-Control: max-age=300
12:49:07.265 [main] DEBUG org.apache.hc.client5.http.headers -- http-outgoing-0 << Content-Security-Policy: default-src 'none'; style-src 'unsafe-inline'; sandbox
12:49:07.265 [main] DEBUG org.apache.hc.client5.http.headers -- http-outgoing-0 << Content-Type: text/plain; charset=utf-8
12:49:07.265 [main] DEBUG org.apache.hc.client5.http.headers -- http-outgoing-0 << ETag: W/"dd41edff335272162022217759820159dac501cff56850e2510f504462cd9b5f"
12:49:07.265 [main] DEBUG org.apache.hc.client5.http.headers -- http-outgoing-0 << Strict-Transport-Security: max-age=31536000
12:49:07.265 [main] DEBUG org.apache.hc.client5.http.headers -- http-outgoing-0 << X-Content-Type-Options: nosniff
12:49:07.265 [main] DEBUG org.apache.hc.client5.http.headers -- http-outgoing-0 << X-Frame-Options: deny
12:49:07.265 [main] DEBUG org.apache.hc.client5.http.headers -- http-outgoing-0 << X-XSS-Protection: 1; mode=block
12:49:07.265 [main] DEBUG org.apache.hc.client5.http.headers -- http-outgoing-0 << X-GitHub-Request-Id: 5A30:53AB8:26F772:2D4BC7:67332472
12:49:07.265 [main] DEBUG org.apache.hc.client5.http.headers -- http-outgoing-0 << Content-Encoding: gzip
12:49:07.265 [main] DEBUG org.apache.hc.client5.http.headers -- http-outgoing-0 << Accept-Ranges: bytes
12:49:07.265 [main] DEBUG org.apache.hc.client5.http.headers -- http-outgoing-0 << Date: Tue, 26 Nov 2024 15:49:07 GMT
12:49:07.265 [main] DEBUG org.apache.hc.client5.http.headers -- http-outgoing-0 << Via: 1.1 varnish
12:49:07.265 [main] DEBUG org.apache.hc.client5.http.headers -- http-outgoing-0 << X-Served-By: cache-eze2230048-EZE
12:49:07.265 [main] DEBUG org.apache.hc.client5.http.headers -- http-outgoing-0 << X-Cache: HIT
12:49:07.265 [main] DEBUG org.apache.hc.client5.http.headers -- http-outgoing-0 << X-Cache-Hits: 0
12:49:07.265 [main] DEBUG org.apache.hc.client5.http.headers -- http-outgoing-0 << X-Timer: S1732636148.828732,VS0,VE1
12:49:07.265 [main] DEBUG org.apache.hc.client5.http.headers -- http-outgoing-0 << Vary: Authorization,Accept-Encoding,Origin
12:49:07.265 [main] DEBUG org.apache.hc.client5.http.headers -- http-outgoing-0 << Access-Control-Allow-Origin: *
12:49:07.266 [main] DEBUG org.apache.hc.client5.http.headers -- http-outgoing-0 << Cross-Origin-Resource-Policy: cross-origin
12:49:07.266 [main] DEBUG org.apache.hc.client5.http.headers -- http-outgoing-0 << X-Fastly-Request-ID: ebcd34c0ff51f8315880aef95291d9149eb9e55b
12:49:07.266 [main] DEBUG org.apache.hc.client5.http.headers -- http-outgoing-0 << Expires: Tue, 26 Nov 2024 15:54:07 GMT
12:49:07.266 [main] DEBUG org.apache.hc.client5.http.headers -- http-outgoing-0 << Source-Age: 162
12:49:07.269 [main] DEBUG org.apache.hc.client5.http.impl.classic.MainClientExec -- ex-0000000001 connection can be kept alive for 3 MINUTES
12:49:07.281 [main] DEBUG org.apache.hc.client5.http.wire -- http-outgoing-0 << "[0x1f][0xffffff8b][0x8][0x0][0x0][0x0][0x0][0x0][0x0][0x3][0xffffffb5]W]o[0xffffffda]0[0x14]}[0xffffffe7]W\QUj% [0x1b][0xffffffad][0xffffffa6]i[0x12][0xf]4c[0xffffffdd]4*[0x18][0xffffffb4][0xffffffdd]&[0xfffffff9][0xffffffc5]$N[0xffffffb0][0xffffff94][0xffffffd8][0xffffffc8]NJ[0xffffffb7]_?[0xffffffdb][0xfffffff9]X[0xffffff92]:[0xffffffa3]k[0xffffffe8][0x1b][0xffffffb6][0xffffffef]=[0xffffffe7][0xffffffd8][0xfffffff7][0xffffffe4][0xffffffda][0xffffff9c][0xffffff80][0xffffffcb][0xffffffe3][0x18]3_[0xffffff82][0xffffff8f][0x13][0xffffffbc][0xffffffc1][0xffffff92][0xfffffff4]N[0xffffffe0]vK%[0x4]4"[0xffffffe0]q[0xffffff96]`[0xffffffca]$$[=[0xffffffc8]C[0x13][0xe][0x1b][0x2][0xffffffe4][0xffffff91]xiB|[0xffffffa0][0xffffffcc],[0xffffffcb]-[0xffffff89]"=[0xffffffe0][0xffffffc2]'B[0x7][0xfffffff9]$!^b[0x16][0x1f][0xffffff88][0xffffff90][0xffffff94][0xffffffab][0xffffffb5][0x0][0xffffff88][0xfffffffa][0x1d][\n]"
12:49:07.282 [main] DEBUG org.apache.hc.client5.http.wire -- http-outgoing-0 << "B[0x18]l[0x4][0xffffffdf]K[0xffffffb5][0xffffffa0]([0xffffffcf][0xffffffdc][0xffffffad][0xffffffe0]1[0x19][0xffffffc0]'*H[0xffffffc0][0x1f][0x7][0xffffffb0][0xffffffd8][0x11][0xffffff81][0x7]0[0xfffffff3]C5kVi[0x1a][0xffffff9f]k|[0xffffff9f][0x6][0x1][0x11][0xffffff84]%[0xffffffc0]uLBY[0x8][0xfffffff2][0xffffff97]LH,[0xffffffe1][0xffffffec];e[0xffffffbe]B[0x1d][0xffffffc0][0xffffff9c][0xffffffb2]T[0xffffffc1][0xffffffdc]`[0xf][0x16][0xffffffeb][0xfffffff3][0xffffff9e][0xffffffe2][0xffffffc8](z[0xfffffff9]6F[0xffffff9e][0x19][0xffffff8e][0xfffffff6]Y[0xffffffc2][0xffffffe8][0xffffffcd][0xffffffdb][0xffffff89][0x17][0xfffffffb]#[0xffffffb5]+p\[0xffffffd8][0xffffffc7][0xffffffd4]3Gb[0xffffff8e]a[0xffffffbf]U|[0xffffffc0]pL&[0xfffffffd][0xffffffd3][0xffffffe5]jq[0xffffffbd][0xffffff9a][0xffffffde]|[0xfffffffa]2[0xffffff9f][0xffffffad]?[0xffffffa0][0x9]B[0xffffffa7][0x8]]s[0x1e]F[0x4][0xffffffa1][0xffffff8c][0x2][0xffffffa1][0xffffffe9]n[0x17]QOI[0xffffffe3][0xc][0xffffffa1][0xffffff9c]H![0xfffffff7]!$[0x9][0xffffffdc][0xffffffe7]g[0xffffffe1]<[0xffffffe0](m[0xffffffd7]3~[0xffffff81][0xffffff9e][0xffffffb3][0x1f][0xffffffef][0xffffffdf][0xffffff9d][0xffffffbf][0xffffffa6][0xffffffa8][0xffffff8b]g[0xffffff8a][0xffffff9a]/[0xffffffdc][0xffffffe9]|[0xffffffba]\~[0xffffff9c][0xffffffde]N_S[0xffffffcf][0xffffffe5]d5[0xffffffbb][0xffffff86]ow[0xffffffb3][0xffffffd5]O[0xfffffff8][0xfffffffc][0xffffffd5][0xffffffbd]Ck[0x1e]${,H[0xffffffc1][0xffffff96][0xffffff93]][0xffffffcd][0xffffffaf][0x8][0xfffffff6][0xc]^[0xffffffe1][0xffffffc5]^[0x13]4[0xffffffd2][0xffffff8e][0xffffffd1]>pR)[0xffffff9c][\r]eNh0[0xffffff86][0xffffffd9]:[0xc][0xffffff87]E[0xffffffa6]=q<i[0xffffff8b]o&[0xffffffc4][0xffffffd8]3<[0xffffff95][0x13][0xffffff90]N&8w[0xffffffe9][0x8][0xffffffef]v[0xffffff8e][0xffffffab][0xffffffbe]>es[0xffffffe9]([0x13]/[0xffffffd6][0xfffffff5][0xffffff80]*[0xffffffba][0xfffffff2]v[0xfffffffe][0xffffffd9][0xffffff94]DA6>[0xffffff8e][0xffffffbb]o[0xfffffff8]o[0x1a]E[0xffffffb8] A[0xffffffa8]@?T[0xffffffad]'*:{[0xfffffffa]xR.*[0xffffffce][0xffffffe9][0xffffffd7][0xffffffad][0xffffff93][0xffffff93]4[0xffffffc9][0xfffffffa][0xffffffda]<n*t[0xffffffeb][0xffffffb9]oV[0xffffffb6][0xffffffc0]/M[0xffffff94]O[0xffffffc0][0xfffffff0][0xffffffe1]i[0xffffff90][0xffffffb5][0xfffffffe]9[0xffffff8b][0xffffffad][0xfffffff2]U,Ul[0xffffffdd][0x13]KL[0xffffffa2][0x6][0xffffffdd][0xffffffca]\?`[0xffffffea][0x9].[0xffffffd5]I [0xffffffa4]i[0x1a]_i,[\r][0xffffffdd][0xffffffa1][0xffffffc3][0xffffffae]kzI[0xffffffd1]_Q[0xffffffce]Ek[0xffffffcb][0xfffffff8]Kf[0xffffffb8][0xfffffffe][0xffffffd9]3[0xc][0xffffffe6][0xffffffd3][0xffffff8e][0x11][0x17][0x10]C[0x1d]`i[0x19][0xffffffd5][0xffffffbc][0xfffffff1][0xffffffa4]5[0xffffffbc][0x1e]o[0xfffffff5]K[0xffffffa9][0xffffffd6][0xfffffff8][0xffffffc1]f[0xffffff9b]z[0x4][0xffffffd4][0x1a][0xffffff86][0xffffffb9]^K[0x16]s[0xffffff91][0xfffffffe][0xffffffbf][0xffffff8b]l]~)x(p,[0x11]2[0x14][0x8]E8e[0xffffff9e][0xffffffca]:X[0xffffffa6][0xffffff86][0xffffff88].[0xffffffb6]9[0xffffff9a][0xffffff88].[0xfffffff7]]G[0xffffffea][0xffffffcb][0xe][0xfffffffb][0x7f].u[0xffffff83][0xffffffbb][0xfffffff4][0xffffffb3][0x19][0xffffffda][0xffffffec][0xffffff98][0xffffffc5]Y[0xfffffffd]h8m6\4[0xffffffc1][0xffffff8a][0xffffffb7][0xffffff98]z[0xffffffd0][0xffffffd5]oF5q[0x1c][0x13][0x16][0xfffffff0][0x1d][0x1e][0x19]5-[0xffffff9d][0xffffffef][0xffffffad]c[0xb]z[0xffffffae]/m[0xffffffe6]8[0xffffffb6][0xffffff96][0xfffffff6]7X[0xffffffc9]t[0xfffffff8][0xfffffff9][0xffffffa5][0x11]K[0xfffffffb][0x15]3[0xffffffc3][0xfffffffc][0x1f]B[0xffffffdb][0xffffffd3][0xffffffab][0xffffff92]4.[0xffffff93]Z[0xffffffdf]]:[0xffffffda][0xffffffea][0xffffffdc]B[0xffffffa6][0xffffffcd][0xffffffbc][0xffffffae][0x5][0xfffffff5][0x4][0xffffffd6]8[0xffffffc0][0xffffff82][0xffffff96][0xfffffff0][0xffffffd2][0xc][0xffffffed][0xffffffe0]Y[0xffffffa8][\r]:[[0xffffffa9][0x0][0xffffffff][0x1][0xfffffff8][0x15][0xffffffb4][0xffffffee][0xffffff8e][\r][0x0][0x0]"
12:49:07.283 [main] DEBUG org.apache.hc.client5.http.impl.classic.InternalHttpClient -- ep-0000000001 releasing valid endpoint
12:49:07.283 [main] DEBUG org.apache.hc.client5.http.impl.io.PoolingHttpClientConnectionManager -- ep-0000000001 releasing endpoint
12:49:07.285 [main] DEBUG org.apache.hc.client5.http.impl.io.PoolingHttpClientConnectionManager -- ep-0000000001 connection http-outgoing-0 can be kept alive for 3 MINUTES
12:49:07.285 [main] DEBUG org.apache.hc.client5.http.impl.io.PoolingHttpClientConnectionManager -- ep-0000000001 connection released [route: {s}->https://raw.githubusercontent.com:443][total available: 1; route allocated: 1 of 5; total allocated: 1 of 25]
12:49:07.285 [main] DEBUG io.github.bonigarcia.wdm.versions.VersionDetector -- Detecting chrome version using online commands.properties
12:49:07.288 [main] DEBUG io.github.bonigarcia.wdm.versions.Shell -- Running command on the shell: [cmd.exe, /C, wmic, datafile, where, name="%PROGRAMFILES:\=\\%\\Google\\Chrome\\Application\\chrome.exe", get, Version, /value]
12:49:07.673 [main] DEBUG io.github.bonigarcia.wdm.versions.Shell -- Result: Version=131.0.6778.86
12:49:07.676 [main] DEBUG io.github.bonigarcia.wdm.cache.ResolutionCache -- Resolution chrome131=131.0.6778.85 in cache (valid until 15:06:43 26/11/2024 ART)
12:49:07.677 [main] INFO io.github.bonigarcia.wdm.WebDriverManager -- Using chromedriver 131.0.6778.85 (resolved driver for Chrome 131)
12:49:07.680 [main] DEBUG io.github.bonigarcia.wdm.cache.ResolutionCache -- Storing resolution chrome=131 in cache (valid until 13:49:07 26/11/2024 ART)
12:49:07.756 [main] DEBUG io.github.bonigarcia.wdm.WebDriverManager -- Driver chromedriver 131.0.6778.85 found in cache
12:49:07.758 [main] INFO io.github.bonigarcia.wdm.WebDriverManager -- Exporting webdriver.chrome.driver as C:\Users\pcmas\.cache\selenium\chromedriver\win64\131.0.6778.85\chromedriver.exe
Running tests in environment: 
Test suite selected: 
  &amp#27;[32mGiven &amp#27;[0m&amp#27;[32mI open the Google homepage&amp#27;[0m &amp#27;[90m# com.example.StepDefinitions.iOpenTheGoogleHomepage()&amp#27;[0m
]]></system-out>
    <system-err><![CDATA[SLF4J(I): Connected with provider of type [ch.qos.logback.classic.spi.LogbackServiceProvider]
nov 26, 2024 12:49:12 P. M. org.openqa.selenium.devtools.CdpVersionFinder findNearestMatch
WARNING: Unable to find an exact match for CDP version 131, returning the closest version; found: 130; Please update to a Selenium version that supports CDP version 131
]]></system-err>
  </testcase>
</testsuite>