<?xml version="1.0" encoding="UTF-8"?>
<testng-results ignored="0" total="1" passed="1" failed="0" skipped="0">
  <reporter-output>
  </reporter-output>
  <suite started-at="2024-11-26T11:19:11 ART" name="Suite" finished-at="2024-11-26T11:19:22 ART" duration-ms="11242">
    <groups>
      <group name="cucumber">
        <method signature="AbstractTestNGCucumberTests.runScenario(io.cucumber.testng.PickleWrapper,io.cucumber.testng.FeatureWrapper)[pri:0, instance:com.example.RunCucumberTest@4bbf6d0e]" name="runScenario" class="io.cucumber.testng.AbstractTestNGCucumberTests"/>
      </group> <!-- cucumber -->
    </groups>
    <test started-at="2024-11-26T11:19:11 ART" name="Cucumber Tests" finished-at="2024-11-26T11:19:22 ART" duration-ms="11242">
      <class name="com.example.RunCucumberTest">
        <test-method is-config="true" signature="setUpClass(org.testng.ITestContext)[pri:0, instance:com.example.RunCucumberTest@4bbf6d0e]" started-at="2024-11-26T11:19:11 ART" name="setUpClass" finished-at="2024-11-26T11:19:13 ART" duration-ms="1584" status="PASS">
          <params>
            <param index="0">
              <value>
                <![CDATA[org.testng.TestRunner@2935fd2c]]>
              </value>
            </param>
          </params>
          <reporter-output>
          </reporter-output>
        </test-method> <!-- setUpClass -->
        <test-method signature="runScenario(io.cucumber.testng.PickleWrapper,io.cucumber.testng.FeatureWrapper)[pri:0, instance:com.example.RunCucumberTest@4bbf6d0e]" started-at="2024-11-26T11:19:13 ART" name="runScenario" description="Runs Cucumber Scenarios" data-provider="scenarios" finished-at="2024-11-26T11:19:22 ART" duration-ms="9456" status="PASS">
          <params>
            <param index="0">
              <value>
                <![CDATA["Open Google Homepage"]]>
              </value>
            </param>
            <param index="1">
              <value>
                <![CDATA["Example Feature"]]>
              </value>
            </param>
          </params>
          <reporter-output>
          </reporter-output>
        </test-method> <!-- runScenario -->
        <test-method is-config="true" signature="tearDownClass()[pri:0, instance:com.example.RunCucumberTest@4bbf6d0e]" started-at="2024-11-26T11:19:22 ART" name="tearDownClass" finished-at="2024-11-26T11:19:22 ART" duration-ms="39" status="PASS">
          <reporter-output>
          </reporter-output>
        </test-method> <!-- tearDownClass -->
      </class> <!-- com.example.RunCucumberTest -->
    </test> <!-- Cucumber Tests -->
  </suite> <!-- Suite -->
</testng-results>
