-------------------------------------------------------------------------------
Test set: TestSuite
-------------------------------------------------------------------------------
Tests run: 3, Failures: 1, Errors: 0, Skipped: 2, Time elapsed: 8.144 s <<< FAILURE! - in TestSuite
com.example.StepDefinitionsTest.setUp  Time elapsed: 8.025 s  <<< FAILURE!
java.lang.IllegalArgumentException: La URL base no puede estar vacÃ­a
	at com.example.StepDefinitionsTest.setUp(StepDefinitionsTest.java:23)

